<html>
<head>
<title>TestNG:  SanityTest</title>
<link href="../testng.css" rel="stylesheet" type="text/css" />
<link href="../my-testng.css" rel="stylesheet" type="text/css" />

<style type="text/css">
.log { display: none;} 
.stack-trace { display: none;} 
</style>
<script type="text/javascript">
<!--
function flip(e) {
  current = e.style.display;
  if (current == 'block') {
    e.style.display = 'none';
    return 0;
  }
  else {
    e.style.display = 'block';
    return 1;
  }
}

function toggleBox(szDivId, elem, msg1, msg2)
{
  var res = -1;  if (document.getElementById) {
    res = flip(document.getElementById(szDivId));
  }
  else if (document.all) {
    // this is the way old msie versions work
    res = flip(document.all[szDivId]);
  }
  if(elem) {
    if(res == 0) elem.innerHTML = msg1; else elem.innerHTML = msg2;
  }

}

function toggleAllBoxes() {
  if (document.getElementsByTagName) {
    d = document.getElementsByTagName('div');
    for (i = 0; i < d.length; i++) {
      if (d[i].className == 'log') {
        flip(d[i]);
      }
    }
  }
}

// -->
</script>

</head>
<body>
<h2 align='center'>SanityTest</h2><table border='1' align="center">
<tr>
<td>Tests passed/Failed/Skipped:</td><td>0/2/0</td>
</tr><tr>
<td>Started on:</td><td>Wed Dec 26 22:14:26 IST 2018</td>
</tr>
<tr><td>Total time:</td><td>5 seconds (5347 ms)</td>
</tr><tr>
<td>Included groups:</td><td>searchcar home </td>
</tr><tr>
<td>Excluded groups:</td><td></td>
</tr>
</table><p/>
<small><i>(Hover the method name to see the test class name)</i></small><p/>
<table width='100%' border='1' class='invocation-failed'>
<tr><td colspan='4' align='center'><b>FAILED CONFIGURATIONS</b></td></tr>
<tr><td><b>Test method</b></td>
<td width="30%"><b>Exception</b></td>
<td width="10%"><b>Time (seconds)</b></td>
<td><b>Instance</b></td>
</tr>
<tr>
<td title='com.mindtree.executionengine.MyCarTest.sendmail()'><b>sendmail</b><br>Test class: com.mindtree.executionengine.MyCarTest</td>
<td><div><pre>java.lang.RuntimeException: javax.mail.MessagingException: IOException while sending message;
  nested exception is:
	java.io.FileNotFoundException: D:\dotnet-mycar-automation\dotnet-mycar-automation\mycartest20\report\extentreport\2018-12-26-10-14-25MyCarTestReport.html (The system cannot find the file specified)
	at com.mindtree.utility.SendAttachmentInEmail.mail(SendAttachmentInEmail.java:96)
	at com.mindtree.executionengine.MyCarTest.sendmail(MyCarTest.java:177)
Caused by: javax.mail.MessagingException: IOException while sending message;
  nested exception is:
	java.io.FileNotFoundException: D:\dotnet-mycar-automation\dotnet-mycar-automation\mycartest20\report\extentreport\2018-12-26-10-14-25MyCarTestReport.html (The system cannot find the file specified)
	at com.sun.mail.smtp.SMTPTransport.sendMessage(SMTPTransport.java:625)
	at javax.mail.Transport.send0(Transport.java:169)
	at javax.mail.Transport.send(Transport.java:98)
	at com.mindtree.utility.SendAttachmentInEmail.mail(SendAttachmentInEmail.java:91)
	... 24 more
Caused by: java.io.FileNotFoundException: D:\dotnet-mycar-automation\dotnet-mycar-automation\mycartest20\report\extentreport\2018-12-26-10-14-25MyCarTestReport.html (The system cannot find the file specified)
	at java.io.FileInputStream.open0(Native Method)
	at java.io.FileInputStream.open(FileInputStream.java:195)
	at java.io.FileInputStream.&lt;init&gt;(FileInputStream.java:138)
	at javax.activation.FileDataSource.getInputStream(FileDataSource.java:97)
	at javax.activation.DataHandler.writeTo(DataHandler.java:305)
	at javax.mail.internet.MimeBodyPart.writeTo(MimeBodyPart.java:1350)
	at javax.mail.internet.MimeBodyPart.writeTo(MimeBodyPart.java:845)
	at javax.mail.internet.MimeMultipart.writeTo(MimeMultipart.java:361)
	at com.sun.mail.handlers.multipart_mixed.writeTo(multipart_mixed.java:85)
	at javax.activation.ObjectDataContentHandler.writeTo(DataHandler.java:889)
	at javax.activation.DataHandler.writeTo(DataHandler.java:317)
	at javax.mail.internet.MimeBodyPart.writeTo(MimeBodyPart.java:1350)
	at javax.mail.internet.MimeMessage.writeTo(MimeMessage.java:1683)
	at com.sun.mail.smtp.SMTPTransport.sendMessage(SMTPTransport.java:585)
	... 27 more
... Removed 23 stack frames</pre></div><a href='#' onClick='toggleBox("stack-trace1902430796", this, "Click to show all stack frames", "Click to hide stack frames")'>Click to show all stack frames</a>
<div class='stack-trace' id='stack-trace1902430796'><pre>java.lang.RuntimeException: javax.mail.MessagingException: IOException while sending message;
  nested exception is:
	java.io.FileNotFoundException: D:\dotnet-mycar-automation\dotnet-mycar-automation\mycartest20\report\extentreport\2018-12-26-10-14-25MyCarTestReport.html (The system cannot find the file specified)
	at com.mindtree.utility.SendAttachmentInEmail.mail(SendAttachmentInEmail.java:96)
	at com.mindtree.executionengine.MyCarTest.sendmail(MyCarTest.java:177)
	at sun.reflect.NativeMethodAccessorImpl.invoke0(Native Method)
	at sun.reflect.NativeMethodAccessorImpl.invoke(NativeMethodAccessorImpl.java:62)
	at sun.reflect.DelegatingMethodAccessorImpl.invoke(DelegatingMethodAccessorImpl.java:43)
	at java.lang.reflect.Method.invoke(Method.java:498)
	at org.testng.internal.MethodInvocationHelper.invokeMethod(MethodInvocationHelper.java:85)
	at org.testng.internal.Invoker.invokeConfigurationMethod(Invoker.java:510)
	at org.testng.internal.Invoker.invokeConfigurations(Invoker.java:211)
	at org.testng.internal.Invoker.invokeConfigurations(Invoker.java:138)
	at org.testng.TestRunner.afterRun(TestRunner.java:1023)
	at org.testng.TestRunner.run(TestRunner.java:628)
	at org.testng.SuiteRunner.runTest(SuiteRunner.java:359)
	at org.testng.SuiteRunner.runSequentially(SuiteRunner.java:354)
	at org.testng.SuiteRunner.privateRun(SuiteRunner.java:312)
	at org.testng.SuiteRunner.run(SuiteRunner.java:261)
	at org.testng.SuiteRunnerWorker.runSuite(SuiteRunnerWorker.java:52)
	at org.testng.SuiteRunnerWorker.run(SuiteRunnerWorker.java:86)
	at org.testng.TestNG.runSuitesSequentially(TestNG.java:1215)
	at org.testng.TestNG.runSuitesSequentially(TestNG.java:1211)
	at org.testng.TestNG.runSuitesLocally(TestNG.java:1140)
	at org.testng.TestNG.run(TestNG.java:1048)
	at org.testng.remote.AbstractRemoteTestNG.run(AbstractRemoteTestNG.java:114)
	at org.testng.remote.RemoteTestNG.initAndRun(RemoteTestNG.java:251)
	at org.testng.remote.RemoteTestNG.main(RemoteTestNG.java:77)
Caused by: javax.mail.MessagingException: IOException while sending message;
  nested exception is:
	java.io.FileNotFoundException: D:\dotnet-mycar-automation\dotnet-mycar-automation\mycartest20\report\extentreport\2018-12-26-10-14-25MyCarTestReport.html (The system cannot find the file specified)
	at com.sun.mail.smtp.SMTPTransport.sendMessage(SMTPTransport.java:625)
	at javax.mail.Transport.send0(Transport.java:169)
	at javax.mail.Transport.send(Transport.java:98)
	at com.mindtree.utility.SendAttachmentInEmail.mail(SendAttachmentInEmail.java:91)
	... 24 more
Caused by: java.io.FileNotFoundException: D:\dotnet-mycar-automation\dotnet-mycar-automation\mycartest20\report\extentreport\2018-12-26-10-14-25MyCarTestReport.html (The system cannot find the file specified)
	at java.io.FileInputStream.open0(Native Method)
	at java.io.FileInputStream.open(FileInputStream.java:195)
	at java.io.FileInputStream.&lt;init&gt;(FileInputStream.java:138)
	at javax.activation.FileDataSource.getInputStream(FileDataSource.java:97)
	at javax.activation.DataHandler.writeTo(DataHandler.java:305)
	at javax.mail.internet.MimeBodyPart.writeTo(MimeBodyPart.java:1350)
	at javax.mail.internet.MimeBodyPart.writeTo(MimeBodyPart.java:845)
	at javax.mail.internet.MimeMultipart.writeTo(MimeMultipart.java:361)
	at com.sun.mail.handlers.multipart_mixed.writeTo(multipart_mixed.java:85)
	at javax.activation.ObjectDataContentHandler.writeTo(DataHandler.java:889)
	at javax.activation.DataHandler.writeTo(DataHandler.java:317)
	at javax.mail.internet.MimeBodyPart.writeTo(MimeBodyPart.java:1350)
	at javax.mail.internet.MimeMessage.writeTo(MimeMessage.java:1683)
	at com.sun.mail.smtp.SMTPTransport.sendMessage(SMTPTransport.java:585)
	... 27 more
</pre></div></td>
<td>0</td>
<td>null</td></tr>
</table><p>
<table width='100%' border='1' class='invocation-failed'>
<tr><td colspan='4' align='center'><b>FAILED TESTS</b></td></tr>
<tr><td><b>Test method</b></td>
<td width="30%"><b>Exception</b></td>
<td width="10%"><b>Time (seconds)</b></td>
<td><b>Instance</b></td>
</tr>
<tr>
<td title='com.mindtree.executionengine.MyCarTest.homePageTest()'><b>homePageTest</b><br>Test class: com.mindtree.executionengine.MyCarTest</td>
<td><div><pre>java.lang.NullPointerException
	at com.mindtree.reusuablecomponents.CommonComponents.takeScreenshot(CommonComponents.java:99)
	at com.mindtree.pageobjectactionkeywords.HomePageKeywords.keywordImplementation(HomePageKeywords.java:109)
	at com.mindtree.pageobjectactionkeywords.HomePageKeywords.fetchKeywords(HomePageKeywords.java:78)
	at com.mindtree.executionengine.MyCarTest.homePageTest(MyCarTest.java:64)
... Removed 25 stack frames</pre></div><a href='#' onClick='toggleBox("stack-trace764419760", this, "Click to show all stack frames", "Click to hide stack frames")'>Click to show all stack frames</a>
<div class='stack-trace' id='stack-trace764419760'><pre>java.lang.NullPointerException
	at com.mindtree.reusuablecomponents.CommonComponents.takeScreenshot(CommonComponents.java:99)
	at com.mindtree.pageobjectactionkeywords.HomePageKeywords.keywordImplementation(HomePageKeywords.java:109)
	at com.mindtree.pageobjectactionkeywords.HomePageKeywords.fetchKeywords(HomePageKeywords.java:78)
	at com.mindtree.executionengine.MyCarTest.homePageTest(MyCarTest.java:64)
	at sun.reflect.NativeMethodAccessorImpl.invoke0(Native Method)
	at sun.reflect.NativeMethodAccessorImpl.invoke(NativeMethodAccessorImpl.java:62)
	at sun.reflect.DelegatingMethodAccessorImpl.invoke(DelegatingMethodAccessorImpl.java:43)
	at java.lang.reflect.Method.invoke(Method.java:498)
	at org.testng.internal.MethodInvocationHelper.invokeMethod(MethodInvocationHelper.java:85)
	at org.testng.internal.Invoker.invokeMethod(Invoker.java:639)
	at org.testng.internal.Invoker.invokeTestMethod(Invoker.java:816)
	at org.testng.internal.Invoker.invokeTestMethods(Invoker.java:1124)
	at org.testng.internal.TestMethodWorker.invokeTestMethods(TestMethodWorker.java:125)
	at org.testng.internal.TestMethodWorker.run(TestMethodWorker.java:108)
	at org.testng.TestRunner.privateRun(TestRunner.java:774)
	at org.testng.TestRunner.run(TestRunner.java:624)
	at org.testng.SuiteRunner.runTest(SuiteRunner.java:359)
	at org.testng.SuiteRunner.runSequentially(SuiteRunner.java:354)
	at org.testng.SuiteRunner.privateRun(SuiteRunner.java:312)
	at org.testng.SuiteRunner.run(SuiteRunner.java:261)
	at org.testng.SuiteRunnerWorker.runSuite(SuiteRunnerWorker.java:52)
	at org.testng.SuiteRunnerWorker.run(SuiteRunnerWorker.java:86)
	at org.testng.TestNG.runSuitesSequentially(TestNG.java:1215)
	at org.testng.TestNG.runSuitesSequentially(TestNG.java:1211)
	at org.testng.TestNG.runSuitesLocally(TestNG.java:1140)
	at org.testng.TestNG.run(TestNG.java:1048)
	at org.testng.remote.AbstractRemoteTestNG.run(AbstractRemoteTestNG.java:114)
	at org.testng.remote.RemoteTestNG.initAndRun(RemoteTestNG.java:251)
	at org.testng.remote.RemoteTestNG.main(RemoteTestNG.java:77)
</pre></div></td>
<td>1</td>
<td>com.mindtree.executionengine.MyCarTest@77be656f</td></tr>
<tr>
<td title='com.mindtree.executionengine.MyCarTest.searchNewCar()'><b>searchNewCar</b><br>Test class: com.mindtree.executionengine.MyCarTest</td>
<td><div><pre>java.lang.NullPointerException
	at com.mindtree.reusuablecomponents.CommonComponents.takeScreenshot(CommonComponents.java:99)
	at com.mindtree.pageobjectactionkeywords.SearchNewCarKeywords.keywordImplementation(SearchNewCarKeywords.java:100)
	at com.mindtree.pageobjectactionkeywords.SearchNewCarKeywords.fetchKeywords(SearchNewCarKeywords.java:70)
	at com.mindtree.executionengine.MyCarTest.searchNewCar(MyCarTest.java:160)
... Removed 25 stack frames</pre></div><a href='#' onClick='toggleBox("stack-trace1182908789", this, "Click to show all stack frames", "Click to hide stack frames")'>Click to show all stack frames</a>
<div class='stack-trace' id='stack-trace1182908789'><pre>java.lang.NullPointerException
	at com.mindtree.reusuablecomponents.CommonComponents.takeScreenshot(CommonComponents.java:99)
	at com.mindtree.pageobjectactionkeywords.SearchNewCarKeywords.keywordImplementation(SearchNewCarKeywords.java:100)
	at com.mindtree.pageobjectactionkeywords.SearchNewCarKeywords.fetchKeywords(SearchNewCarKeywords.java:70)
	at com.mindtree.executionengine.MyCarTest.searchNewCar(MyCarTest.java:160)
	at sun.reflect.NativeMethodAccessorImpl.invoke0(Native Method)
	at sun.reflect.NativeMethodAccessorImpl.invoke(NativeMethodAccessorImpl.java:62)
	at sun.reflect.DelegatingMethodAccessorImpl.invoke(DelegatingMethodAccessorImpl.java:43)
	at java.lang.reflect.Method.invoke(Method.java:498)
	at org.testng.internal.MethodInvocationHelper.invokeMethod(MethodInvocationHelper.java:85)
	at org.testng.internal.Invoker.invokeMethod(Invoker.java:639)
	at org.testng.internal.Invoker.invokeTestMethod(Invoker.java:816)
	at org.testng.internal.Invoker.invokeTestMethods(Invoker.java:1124)
	at org.testng.internal.TestMethodWorker.invokeTestMethods(TestMethodWorker.java:125)
	at org.testng.internal.TestMethodWorker.run(TestMethodWorker.java:108)
	at org.testng.TestRunner.privateRun(TestRunner.java:774)
	at org.testng.TestRunner.run(TestRunner.java:624)
	at org.testng.SuiteRunner.runTest(SuiteRunner.java:359)
	at org.testng.SuiteRunner.runSequentially(SuiteRunner.java:354)
	at org.testng.SuiteRunner.privateRun(SuiteRunner.java:312)
	at org.testng.SuiteRunner.run(SuiteRunner.java:261)
	at org.testng.SuiteRunnerWorker.runSuite(SuiteRunnerWorker.java:52)
	at org.testng.SuiteRunnerWorker.run(SuiteRunnerWorker.java:86)
	at org.testng.TestNG.runSuitesSequentially(TestNG.java:1215)
	at org.testng.TestNG.runSuitesSequentially(TestNG.java:1211)
	at org.testng.TestNG.runSuitesLocally(TestNG.java:1140)
	at org.testng.TestNG.run(TestNG.java:1048)
	at org.testng.remote.AbstractRemoteTestNG.run(AbstractRemoteTestNG.java:114)
	at org.testng.remote.RemoteTestNG.initAndRun(RemoteTestNG.java:251)
	at org.testng.remote.RemoteTestNG.main(RemoteTestNG.java:77)
</pre></div></td>
<td>0</td>
<td>com.mindtree.executionengine.MyCarTest@77be656f</td></tr>
</table><p>
</body>
</html>